And 4
Best 2
But 1
Chasing 1
I 18
I'm 2
I've 3
In 2
My 1
Nana 3
Nanana 3
No 2
Someday 1
Still 1
That's 1
The 2
There 2
Through 2
We 1
Well 1
When 1
You 4
You're 2
a 1
all 1
and 5
at 1
bad 2
beat 1
been 1
best 4
bluer 1
bruise 1
but 1
came 1
can't 2
chance 2
children 1
close 2
come 1
could 1
doorway 1
drifting 1
enough 2
everything 1
eyes 1
finds 1
follow 2
for 2
forget 2
forgotten 2
funny 1
gone 1
good 2
got 1
had 8
half 1
heart 1
here 1
hope 2
how 1
in 1
just 3
key 1
know 3
letter 1
light 1
long 1
me 1
midnight 1
mmmm 1
motel 1
my 2
nanana 1
never 6
new 1
no 2
not 2
now 3
of 1
on 2
only 2
opened 1
our 1
past 1
release 1
scratching 1
see 1
shoes 1
signs 2
singing 1
so 1
song 1
standing 1
take 2
than 1
that 1
that's 2
the 12
this 2
through 1
times 2
to 6
wall 2
warning 2
was 2
were 4
wish 2
with 1
writing 2
yellow 1
you 4
your 2
