0 0 1000000009 
0 1 2 
1000000009 1000000009 2 
1000000009 1000000009 3 
uta
0 0 1000000009 1000000009 1000000009 1000000009 
0 0 1 1 2 2 
1000000009 1 1000000009 2 1000000009 3 
1000000009 1 2 2 3 3 
1000000009 2 1000000009 3 1000000009 4 
1000000009 3 1000000009 4 1000000009 5 
1000000009 3 4 4 5 5 
1000000009 4 1000000009 5 1000000009 6 
1000000009 4 5 5 6 6 
kttnie
0 0 1000000009 1000000009 1000000009 
0 1 1000000009 1000000009 1000000009 
1000000009 1000000009 1000000009 1000000009 1000000009 
1000000009 1000000009 1000000009 1000000009 1000000009 
1000000009 1000000009 1000000009 1000000009 1000000009 
NO
